<?xml version="1.0" encoding="UTF-8"?>
<!-- Generated by org.testng.reporters.JUnitXMLReporter -->
<testsuite ignored="0" hostname="Sri-HP-New" failures="0" tests="1" name="TrelloTest" time="0.124" errors="0" timestamp="2023-01-31T13:01:49 IST">
  <testcase classname="Test.Demo" name="@BeforeClass initializeURL" time="0.013">
    <failure type="java.lang.NullPointerException">
      <![CDATA[java.lang.NullPointerException
at java.base/java.io.FileInputStream.<init>(FileInputStream.java:150)
at java.base/java.io.FileInputStream.<init>(FileInputStream.java:112)
at Test.Demo.initializeURL(Demo.java:32)
at java.base/java.util.ArrayList.forEach(ArrayList.java:1511)
... Removed 23 stack frames]]>
    </failure>
  </testcase> <!-- @BeforeClass initializeURL -->
  <testcase classname="Test.Demo" name="@AfterClass logOutAndClose" time="-1.675150309084E9">
    <skipped/>
  </testcase> <!-- @AfterClass logOutAndClose -->
  <testcase classname="Test.Demo" name="RunTest" time="0.0">
    <skipped/>
  </testcase> <!-- RunTest -->
</testsuite> <!-- TrelloTest -->
